  [1m[35m (0.1ms)[0m  [1m[34mSELECT sqlite_version(*)[0m
  ↳ bin/rails:9
  [1m[35m (1.6ms)[0m  [1m[35mCREATE TABLE "schema_migrations" ("version" varchar NOT NULL PRIMARY KEY)[0m
  ↳ bin/rails:9
  [1m[35m (1.1ms)[0m  [1m[35mCREATE TABLE "ar_internal_metadata" ("key" varchar NOT NULL PRIMARY KEY, "value" varchar, "created_at" datetime NOT NULL, "updated_at" datetime NOT NULL)[0m
  ↳ bin/rails:9
  [1m[36mActiveRecord::InternalMetadata Load (0.1ms)[0m  [1m[34mSELECT  "ar_internal_metadata".* FROM "ar_internal_metadata" WHERE "ar_internal_metadata"."key" = ? LIMIT ?[0m  [["key", "environment"], ["LIMIT", 1]]
  ↳ bin/rails:9
  [1m[35m (0.0ms)[0m  [1m[36mbegin transaction[0m
  ↳ bin/rails:9
  [1m[36mActiveRecord::InternalMetadata Create (0.3ms)[0m  [1m[32mINSERT INTO "ar_internal_metadata" ("key", "value", "created_at", "updated_at") VALUES (?, ?, ?, ?)[0m  [["key", "environment"], ["value", "development"], ["created_at", "2019-04-16 13:37:10.782475"], ["updated_at", "2019-04-16 13:37:10.782475"]]
  ↳ bin/rails:9
  [1m[35m (0.8ms)[0m  [1m[36mcommit transaction[0m
  ↳ bin/rails:9
  [1m[35m (0.1ms)[0m  [1m[34mSELECT "schema_migrations"."version" FROM "schema_migrations" ORDER BY "schema_migrations"."version" ASC[0m
  ↳ bin/rails:9
Started GET "/" for ::1 at 2019-04-16 09:37:20 -0400
Processing by Rails::WelcomeController#index as HTML
  Rendering /Users/coryhack/.rvm/gems/ruby-2.5.1/gems/railties-5.2.3/lib/rails/templates/rails/welcome/index.html.erb
  Rendered /Users/coryhack/.rvm/gems/ruby-2.5.1/gems/railties-5.2.3/lib/rails/templates/rails/welcome/index.html.erb (7.5ms)
Completed 200 OK in 21ms (Views: 13.6ms | ActiveRecord: 0.0ms)


  [1m[35m (1.3ms)[0m  [1m[35mCREATE DATABASE "db/development"."postgresql" ENCODING = 'utf8'[0m
  ↳ bin/rails:9
  [1m[35m (417.3ms)[0m  [1m[35mCREATE DATABASE "gigsite_development" ENCODING = 'utf8'[0m
  ↳ bin/rails:9
  [1m[35m (372.4ms)[0m  [1m[35mCREATE DATABASE "gigsite_test" ENCODING = 'utf8'[0m
  ↳ bin/rails:9
  [1m[35m (6.4ms)[0m  [1m[35mCREATE TABLE "schema_migrations" ("version" character varying NOT NULL PRIMARY KEY)[0m
  ↳ bin/rails:9
  [1m[35m (3.3ms)[0m  [1m[35mCREATE TABLE "ar_internal_metadata" ("key" character varying NOT NULL PRIMARY KEY, "value" character varying, "created_at" timestamp NOT NULL, "updated_at" timestamp NOT NULL)[0m
  ↳ bin/rails:9
  [1m[35m (0.2ms)[0m  [1m[34mSELECT pg_try_advisory_lock(3868038075625496115)[0m
  ↳ bin/rails:9
  [1m[35m (0.5ms)[0m  [1m[34mSELECT "schema_migrations"."version" FROM "schema_migrations" ORDER BY "schema_migrations"."version" ASC[0m
  ↳ bin/rails:9
  [1m[36mActiveRecord::InternalMetadata Load (0.3ms)[0m  [1m[34mSELECT  "ar_internal_metadata".* FROM "ar_internal_metadata" WHERE "ar_internal_metadata"."key" = $1 LIMIT $2[0m  [["key", "environment"], ["LIMIT", 1]]
  ↳ bin/rails:9
  [1m[35m (0.1ms)[0m  [1m[35mBEGIN[0m
  ↳ bin/rails:9
  [1m[36mActiveRecord::InternalMetadata Create (0.6ms)[0m  [1m[32mINSERT INTO "ar_internal_metadata" ("key", "value", "created_at", "updated_at") VALUES ($1, $2, $3, $4) RETURNING "key"[0m  [["key", "environment"], ["value", "development"], ["created_at", "2019-04-16 21:45:10.263731"], ["updated_at", "2019-04-16 21:45:10.263731"]]
  ↳ bin/rails:9
  [1m[35m (0.4ms)[0m  [1m[35mCOMMIT[0m
  ↳ bin/rails:9
  [1m[35m (0.2ms)[0m  [1m[34mSELECT pg_advisory_unlock(3868038075625496115)[0m
  ↳ bin/rails:9
  [1m[35m (0.2ms)[0m  [1m[34mSELECT "schema_migrations"."version" FROM "schema_migrations" ORDER BY "schema_migrations"."version" ASC[0m
  ↳ bin/rails:9
Started GET "/" for ::1 at 2019-04-16 17:56:17 -0400
Processing by StaticPagesController#index as HTML
  Rendering static_pages/index.html.erb within layouts/application
  Rendered static_pages/index.html.erb within layouts/application (0.6ms)
Completed 200 OK in 503ms (Views: 497.8ms | ActiveRecord: 0.0ms)


Started GET "/" for ::1 at 2019-04-16 19:56:51 -0400
Processing by StaticPagesController#index as HTML
  Rendering static_pages/index.html.erb within layouts/application
  Rendered static_pages/index.html.erb within layouts/application (0.4ms)
Completed 500 Internal Server Error in 45ms (ActiveRecord: 0.0ms)


  
ActionView::Template::Error (File to import not found or unreadable: bootstrap.
Load paths:
  /Users/coryhack/Desktop/gigsite/app/assets/config
  /Users/coryhack/Desktop/gigsite/app/assets/images
  /Users/coryhack/Desktop/gigsite/app/assets/javascripts
  /Users/coryhack/Desktop/gigsite/app/assets/stylesheets
  /Users/coryhack/.rvm/gems/ruby-2.5.1/gems/coffee-rails-4.2.2/lib/assets/javascripts
  /Users/coryhack/.rvm/gems/ruby-2.5.1/gems/actioncable-5.2.3/lib/assets/compiled
  /Users/coryhack/.rvm/gems/ruby-2.5.1/gems/activestorage-5.2.3/app/assets/javascripts
  /Users/coryhack/.rvm/gems/ruby-2.5.1/gems/actionview-5.2.3/lib/assets/compiled
  /Users/coryhack/.rvm/gems/ruby-2.5.1/gems/turbolinks-source-5.2.0/lib/assets/javascripts
  /Users/coryhack/Desktop/gigsite/node_modules):
     5:     <%= csrf_meta_tags %>
     6:     <%= csp_meta_tag %>
     7: 
     8:     <%= stylesheet_link_tag    'application', media: 'all', 'data-turbolinks-track': 'reload' %>
     9:     <%= javascript_include_tag 'application', 'data-turbolinks-track': 'reload' %>
    10:   </head>
    11: 
  
app/assets/stylesheets/master.scss:1
app/views/layouts/application.html.erb:8:in `_app_views_layouts_application_html_erb__542165618899118257_70360171336600'
Started GET "/" for ::1 at 2019-04-16 19:57:07 -0400
Processing by StaticPagesController#index as HTML
  Rendering static_pages/index.html.erb within layouts/application
  Rendered static_pages/index.html.erb within layouts/application (0.5ms)
Completed 200 OK in 3544ms (Views: 3538.1ms | ActiveRecord: 0.0ms)


Started GET "/" for ::1 at 2019-04-16 19:59:46 -0400
Processing by StaticPagesController#index as HTML
  Rendering static_pages/index.html.erb within layouts/application
  Rendered static_pages/index.html.erb within layouts/application (0.3ms)
Completed 200 OK in 61ms (Views: 58.5ms | ActiveRecord: 0.0ms)


Started GET "/" for ::1 at 2019-04-16 20:00:00 -0400
Processing by StaticPagesController#index as HTML
  Rendering static_pages/index.html.erb within layouts/application
  Rendered static_pages/index.html.erb within layouts/application (0.5ms)
Completed 200 OK in 68ms (Views: 65.6ms | ActiveRecord: 0.0ms)


Started GET "/" for ::1 at 2019-04-16 20:00:37 -0400
Processing by StaticPagesController#index as HTML
  Rendering static_pages/index.html.erb within layouts/application
  Rendered static_pages/index.html.erb within layouts/application (0.4ms)
Completed 200 OK in 44ms (Views: 41.5ms | ActiveRecord: 0.0ms)


Started GET "/" for ::1 at 2019-04-16 20:01:17 -0400
Processing by StaticPagesController#index as HTML
  Rendering static_pages/index.html.erb within layouts/application
  Rendered static_pages/index.html.erb within layouts/application (0.3ms)
Completed 200 OK in 41ms (Views: 39.0ms | ActiveRecord: 0.0ms)


Started GET "/" for ::1 at 2019-04-16 20:23:33 -0400
Processing by StaticPagesController#index as HTML
  Rendering static_pages/index.html.erb within layouts/application
  Rendered static_pages/index.html.erb within layouts/application (0.4ms)
Completed 200 OK in 49ms (Views: 46.8ms | ActiveRecord: 0.0ms)


Started GET "/" for ::1 at 2019-04-16 20:23:47 -0400
Processing by StaticPagesController#index as HTML
  Rendering static_pages/index.html.erb within layouts/application
  Rendered static_pages/index.html.erb within layouts/application (0.3ms)
Completed 200 OK in 45ms (Views: 43.2ms | ActiveRecord: 0.0ms)


Started GET "/" for ::1 at 2019-04-16 20:23:51 -0400
Processing by StaticPagesController#index as HTML
  Rendering static_pages/index.html.erb within layouts/application
  Rendered static_pages/index.html.erb within layouts/application (0.2ms)
Completed 200 OK in 40ms (Views: 37.7ms | ActiveRecord: 0.0ms)


Started GET "/" for ::1 at 2019-04-16 20:31:21 -0400
  
ActionController::RoutingError (Couldn't find StaticPagesHelper, expected it to be defined in helpers/static_pages_helper.rb):
  
app/controllers/application_controller.rb:1:in `<main>'
app/controllers/static_pages_controller.rb:1:in `<main>'
Started GET "/" for ::1 at 2019-04-16 20:32:04 -0400
Processing by StaticPagesController#index as HTML
  Rendering static_pages/index.html.erb within layouts/application
  Rendered static_pages/index.html.erb within layouts/application (0.2ms)
Completed 200 OK in 113ms (Views: 111.1ms | ActiveRecord: 0.0ms)


Started GET "/" for ::1 at 2019-04-16 20:34:47 -0400
Processing by StaticPagesController#index as HTML
  Rendering static_pages/index.html.erb within layouts/application
  Rendered static_pages/index.html.erb within layouts/application (0.2ms)
  Rendered shared/_application_nav.html.erb (0.3ms)
Completed 200 OK in 42ms (Views: 39.6ms | ActiveRecord: 0.0ms)


Started GET "/" for ::1 at 2019-04-16 20:51:45 -0400
Processing by StaticPagesController#index as HTML
  Rendering static_pages/index.html.erb within layouts/application
  Rendered static_pages/index.html.erb within layouts/application (0.3ms)
  Rendered shared/_application_nav.html.erb (0.3ms)
Completed 200 OK in 1696ms (Views: 1693.9ms | ActiveRecord: 0.0ms)


Started GET "/" for ::1 at 2019-04-16 20:53:39 -0400
Processing by StaticPagesController#index as HTML
  Rendering static_pages/index.html.erb within layouts/application
  Rendered static_pages/index.html.erb within layouts/application (0.3ms)
  Rendered shared/_application_nav.html.erb (0.4ms)
Completed 200 OK in 1681ms (Views: 1678.9ms | ActiveRecord: 0.0ms)


Started GET "/" for ::1 at 2019-04-16 20:54:11 -0400
Processing by StaticPagesController#index as HTML
  Rendering static_pages/index.html.erb within layouts/application
  Rendered static_pages/index.html.erb within layouts/application (0.3ms)
Completed 500 Internal Server Error in 608ms (ActiveRecord: 0.0ms)


  
ActionView::Template::Error (Error: Invalid CSS after "}": expected selector or at-rule, was "}"
        on line 7 of app/assets/stylesheets/master.scss
>> }

   -^
):
     5:     <%= csrf_meta_tags %>
     6:     <%= csp_meta_tag %>
     7: 
     8:     <%= stylesheet_link_tag    'application', media: 'all', 'data-turbolinks-track': 'reload' %>
     9:     <%= javascript_include_tag 'application', 'data-turbolinks-track': 'reload' %>
    10:   </head>
    11: 
  
app/assets/stylesheets/master.scss:7
app/views/layouts/application.html.erb:8:in `_app_views_layouts_application_html_erb___2440374193974073408_70138697855660'
Started GET "/" for ::1 at 2019-04-16 20:54:20 -0400
Processing by StaticPagesController#index as HTML
  Rendering static_pages/index.html.erb within layouts/application
  Rendered static_pages/index.html.erb within layouts/application (0.3ms)
  Rendered shared/_application_nav.html.erb (0.4ms)
Completed 200 OK in 1681ms (Views: 1679.1ms | ActiveRecord: 0.0ms)


  [1m[35m (0.2ms)[0m  [1m[34mSELECT pg_try_advisory_lock(3868038075625496115)[0m
  ↳ bin/rails:9
  [1m[35m (0.7ms)[0m  [1m[34mSELECT "schema_migrations"."version" FROM "schema_migrations" ORDER BY "schema_migrations"."version" ASC[0m
  ↳ bin/rails:9
Migrating to DeviseCreateUsers (20190417010612)
  [1m[35m (0.2ms)[0m  [1m[35mBEGIN[0m
  ↳ bin/rails:9
  [1m[35m (34.5ms)[0m  [1m[35mCREATE TABLE "users" ("id" bigserial primary key, "email" character varying DEFAULT '' NOT NULL, "encrypted_password" character varying DEFAULT '' NOT NULL, "reset_password_token" character varying, "reset_password_sent_at" timestamp, "remember_created_at" timestamp, "created_at" timestamp NOT NULL, "updated_at" timestamp NOT NULL)[0m
  ↳ db/migrate/20190417010612_devise_create_users.rb:5
  [1m[35m (1.2ms)[0m  [1m[35mCREATE UNIQUE INDEX  "index_users_on_email" ON "users"  ("email")[0m
  ↳ db/migrate/20190417010612_devise_create_users.rb:39
  [1m[35m (0.9ms)[0m  [1m[35mCREATE UNIQUE INDEX  "index_users_on_reset_password_token" ON "users"  ("reset_password_token")[0m
  ↳ db/migrate/20190417010612_devise_create_users.rb:40
  [1m[36mActiveRecord::SchemaMigration Create (0.5ms)[0m  [1m[32mINSERT INTO "schema_migrations" ("version") VALUES ($1) RETURNING "version"[0m  [["version", "20190417010612"]]
  ↳ bin/rails:9
  [1m[35m (0.6ms)[0m  [1m[35mCOMMIT[0m
  ↳ bin/rails:9
  [1m[36mActiveRecord::InternalMetadata Load (0.4ms)[0m  [1m[34mSELECT  "ar_internal_metadata".* FROM "ar_internal_metadata" WHERE "ar_internal_metadata"."key" = $1 LIMIT $2[0m  [["key", "environment"], ["LIMIT", 1]]
  ↳ bin/rails:9
  [1m[35m (0.1ms)[0m  [1m[35mBEGIN[0m
  ↳ bin/rails:9
  [1m[35m (0.1ms)[0m  [1m[35mCOMMIT[0m
  ↳ bin/rails:9
  [1m[35m (0.2ms)[0m  [1m[34mSELECT pg_advisory_unlock(3868038075625496115)[0m
  ↳ bin/rails:9
  [1m[35m (0.3ms)[0m  [1m[34mSELECT "schema_migrations"."version" FROM "schema_migrations" ORDER BY "schema_migrations"."version" ASC[0m
  ↳ bin/rails:9
Started GET "/" for ::1 at 2019-04-16 21:22:17 -0400
  [1m[35m (0.8ms)[0m  [1m[34mSELECT "schema_migrations"."version" FROM "schema_migrations" ORDER BY "schema_migrations"."version" ASC[0m
  ↳ /Users/coryhack/.rvm/gems/ruby-2.5.1/gems/activerecord-5.2.3/lib/active_record/log_subscriber.rb:98
Processing by StaticPagesController#index as HTML
  Rendering static_pages/index.html.erb within layouts/application
  Rendered static_pages/index.html.erb within layouts/application (0.6ms)
  Rendered shared/_application_nav.html.erb (0.4ms)
Completed 200 OK in 411ms (Views: 405.7ms | ActiveRecord: 0.0ms)


Started GET "/" for ::1 at 2019-04-16 21:23:05 -0400
Processing by StaticPagesController#index as HTML
  Rendering static_pages/index.html.erb within layouts/application
  Rendered static_pages/index.html.erb within layouts/application (0.3ms)
  Rendered shared/_application_nav.html.erb (0.3ms)
Completed 200 OK in 45ms (Views: 42.7ms | ActiveRecord: 0.0ms)


Started GET "/" for ::1 at 2019-04-17 12:40:11 -0400
  [1m[35m (1.5ms)[0m  [1m[34mSELECT "schema_migrations"."version" FROM "schema_migrations" ORDER BY "schema_migrations"."version" ASC[0m
  ↳ /Users/coryhack/.rvm/gems/ruby-2.5.1/gems/activerecord-5.2.3/lib/active_record/log_subscriber.rb:98
Processing by StaticPagesController#index as HTML
  Rendering static_pages/index.html.erb within layouts/application
  Rendered static_pages/index.html.erb within layouts/application (1.3ms)
  Rendered shared/_application_nav.html.erb (0.4ms)
  Rendered shared/_application_footer.html.erb (0.4ms)
Completed 200 OK in 352ms (Views: 345.6ms | ActiveRecord: 0.0ms)


Started GET "/" for ::1 at 2019-04-17 12:41:42 -0400
Processing by StaticPagesController#index as HTML
  Rendering static_pages/index.html.erb within layouts/application
  Rendered static_pages/index.html.erb within layouts/application (0.3ms)
  Rendered shared/_application_nav.html.erb (0.3ms)
  Rendered shared/_application_footer.html.erb (0.2ms)
Completed 200 OK in 44ms (Views: 41.8ms | ActiveRecord: 0.0ms)


Started GET "/" for ::1 at 2019-04-17 13:01:33 -0400
Processing by StaticPagesController#index as HTML
  Rendering static_pages/index.html.erb within layouts/application
  Rendered static_pages/index.html.erb within layouts/application (0.3ms)
  Rendered shared/_application_nav.html.erb (0.4ms)
  Rendered shared/_application_footer.html.erb (0.6ms)
Completed 200 OK in 2615ms (Views: 2613.4ms | ActiveRecord: 0.0ms)


Started GET "/" for ::1 at 2019-04-17 13:02:10 -0400
Processing by StaticPagesController#index as HTML
  Rendering static_pages/index.html.erb within layouts/application
  Rendered static_pages/index.html.erb within layouts/application (0.3ms)
  Rendered shared/_application_nav.html.erb (0.4ms)
  Rendered shared/_application_footer.html.erb (0.2ms)
Completed 200 OK in 1668ms (Views: 1665.8ms | ActiveRecord: 0.0ms)


Started GET "/" for ::1 at 2019-04-17 13:03:07 -0400
Processing by StaticPagesController#index as HTML
  Rendering static_pages/index.html.erb within layouts/application
  Rendered static_pages/index.html.erb within layouts/application (0.3ms)
  Rendered shared/_application_nav.html.erb (0.3ms)
  Rendered shared/_application_footer.html.erb (0.2ms)
Completed 200 OK in 53ms (Views: 50.8ms | ActiveRecord: 0.0ms)


Started GET "/" for ::1 at 2019-04-17 13:04:12 -0400
Processing by StaticPagesController#index as HTML
  Rendering static_pages/index.html.erb within layouts/application
  Rendered static_pages/index.html.erb within layouts/application (0.3ms)
  Rendered shared/_application_nav.html.erb (0.3ms)
  Rendered shared/_application_footer.html.erb (0.2ms)
Completed 200 OK in 50ms (Views: 47.6ms | ActiveRecord: 0.0ms)


Started GET "/" for ::1 at 2019-04-17 13:06:20 -0400
Processing by StaticPagesController#index as HTML
  Rendering static_pages/index.html.erb within layouts/application
  Rendered static_pages/index.html.erb within layouts/application (0.3ms)
  Rendered shared/_application_nav.html.erb (0.3ms)
  Rendered shared/_application_footer.html.erb (0.2ms)
Completed 200 OK in 64ms (Views: 61.6ms | ActiveRecord: 0.0ms)


Started GET "/" for ::1 at 2019-04-17 13:06:45 -0400
Processing by StaticPagesController#index as HTML
  Rendering static_pages/index.html.erb within layouts/application
  Rendered static_pages/index.html.erb within layouts/application (0.3ms)
  Rendered shared/_application_nav.html.erb (0.3ms)
  Rendered shared/_application_footer.html.erb (0.3ms)
Completed 200 OK in 1744ms (Views: 1742.0ms | ActiveRecord: 0.0ms)


Started GET "/" for ::1 at 2019-04-17 13:07:05 -0400
Processing by StaticPagesController#index as HTML
  Rendering static_pages/index.html.erb within layouts/application
  Rendered static_pages/index.html.erb within layouts/application (0.3ms)
  Rendered shared/_application_nav.html.erb (0.3ms)
  Rendered shared/_application_footer.html.erb (0.2ms)
Completed 200 OK in 52ms (Views: 49.7ms | ActiveRecord: 0.0ms)


Started GET "/" for ::1 at 2019-04-17 13:07:17 -0400
Processing by StaticPagesController#index as HTML
  Rendering static_pages/index.html.erb within layouts/application
  Rendered static_pages/index.html.erb within layouts/application (0.3ms)
  Rendered shared/_application_nav.html.erb (0.4ms)
  Rendered shared/_application_footer.html.erb (0.2ms)
Completed 200 OK in 1666ms (Views: 1663.6ms | ActiveRecord: 0.0ms)


Started GET "/" for ::1 at 2019-04-17 13:08:12 -0400
Processing by StaticPagesController#index as HTML
  Rendering static_pages/index.html.erb within layouts/application
  Rendered static_pages/index.html.erb within layouts/application (5.2ms)
  Rendered shared/_application_nav.html.erb (0.4ms)
  Rendered shared/_application_footer.html.erb (0.4ms)
Completed 200 OK in 1647ms (Views: 1644.3ms | ActiveRecord: 0.0ms)


Started GET "/" for ::1 at 2019-04-17 13:10:02 -0400
Processing by StaticPagesController#index as HTML
  Rendering static_pages/index.html.erb within layouts/application
  Rendered static_pages/index.html.erb within layouts/application (0.3ms)
  Rendered shared/_application_nav.html.erb (0.3ms)
  Rendered shared/_application_footer.html.erb (0.2ms)
Completed 200 OK in 52ms (Views: 50.0ms | ActiveRecord: 0.0ms)


Started GET "/" for ::1 at 2019-04-17 13:10:11 -0400
Processing by StaticPagesController#index as HTML
  Rendering static_pages/index.html.erb within layouts/application
  Rendered static_pages/index.html.erb within layouts/application (0.3ms)
  Rendered shared/_application_nav.html.erb (0.3ms)
  Rendered shared/_application_footer.html.erb (0.2ms)
Completed 200 OK in 61ms (Views: 58.8ms | ActiveRecord: 0.0ms)


  [1m[35m (5.7ms)[0m  [1m[34mSELECT pg_try_advisory_lock(3868038075625496115)[0m
  ↳ bin/rails:9
  [1m[35m (0.7ms)[0m  [1m[34mSELECT "schema_migrations"."version" FROM "schema_migrations" ORDER BY "schema_migrations"."version" ASC[0m
  ↳ bin/rails:9
Migrating to CreateGigs (20190417171917)
  [1m[35m (0.1ms)[0m  [1m[35mBEGIN[0m
  ↳ bin/rails:9
  [1m[35m (44.2ms)[0m  [1m[35mCREATE TABLE "gigs" ("id" bigserial primary key, "title" character varying, "description" text, "user_id" integer, "created_at" timestamp NOT NULL, "updated_at" timestamp NOT NULL)[0m
  ↳ db/migrate/20190417171917_create_gigs.rb:3
  [1m[35m (4.6ms)[0m  [1m[35mCREATE  INDEX  "index_courses_on_user_id" ON "courses"  ("user_id")[0m
  ↳ db/migrate/20190417171917_create_gigs.rb:9
  [1m[35m (0.1ms)[0m  [1m[31mROLLBACK[0m
  ↳ bin/rails:9
  [1m[35m (0.2ms)[0m  [1m[34mSELECT pg_advisory_unlock(3868038075625496115)[0m
  ↳ bin/rails:9
  [1m[35m (0.2ms)[0m  [1m[34mSELECT pg_try_advisory_lock(3868038075625496115)[0m
  ↳ bin/rails:9
  [1m[35m (0.7ms)[0m  [1m[34mSELECT "schema_migrations"."version" FROM "schema_migrations" ORDER BY "schema_migrations"."version" ASC[0m
  ↳ bin/rails:9
Migrating to CreateGigs (20190417171917)
  [1m[35m (0.2ms)[0m  [1m[35mBEGIN[0m
  ↳ bin/rails:9
  [1m[35m (18.2ms)[0m  [1m[35mCREATE TABLE "gigs" ("id" bigserial primary key, "title" character varying, "description" text, "user_id" integer, "created_at" timestamp NOT NULL, "updated_at" timestamp NOT NULL)[0m
  ↳ db/migrate/20190417171917_create_gigs.rb:3
  [1m[35m (1.6ms)[0m  [1m[35mCREATE  INDEX  "index_gigs_on_user_id" ON "gigs"  ("user_id")[0m
  ↳ db/migrate/20190417171917_create_gigs.rb:9
  [1m[36mActiveRecord::SchemaMigration Create (0.8ms)[0m  [1m[32mINSERT INTO "schema_migrations" ("version") VALUES ($1) RETURNING "version"[0m  [["version", "20190417171917"]]
  ↳ bin/rails:9
  [1m[35m (1.0ms)[0m  [1m[35mCOMMIT[0m
  ↳ bin/rails:9
  [1m[36mActiveRecord::InternalMetadata Load (6.7ms)[0m  [1m[34mSELECT  "ar_internal_metadata".* FROM "ar_internal_metadata" WHERE "ar_internal_metadata"."key" = $1 LIMIT $2[0m  [["key", "environment"], ["LIMIT", 1]]
  ↳ bin/rails:9
  [1m[35m (0.2ms)[0m  [1m[35mBEGIN[0m
  ↳ bin/rails:9
  [1m[35m (0.1ms)[0m  [1m[35mCOMMIT[0m
  ↳ bin/rails:9
  [1m[35m (0.2ms)[0m  [1m[34mSELECT pg_advisory_unlock(3868038075625496115)[0m
  ↳ bin/rails:9
  [1m[35m (0.2ms)[0m  [1m[34mSELECT "schema_migrations"."version" FROM "schema_migrations" ORDER BY "schema_migrations"."version" ASC[0m
  ↳ bin/rails:9
Started GET "/" for ::1 at 2019-04-17 13:30:31 -0400
  [1m[35m (0.8ms)[0m  [1m[34mSELECT "schema_migrations"."version" FROM "schema_migrations" ORDER BY "schema_migrations"."version" ASC[0m
  ↳ /Users/coryhack/.rvm/gems/ruby-2.5.1/gems/activerecord-5.2.3/lib/active_record/log_subscriber.rb:98
Processing by StaticPagesController#index as HTML
  Rendering static_pages/index.html.erb within layouts/application
  Rendered static_pages/index.html.erb within layouts/application (0.8ms)
  Rendered shared/_application_nav.html.erb (0.3ms)
  Rendered shared/_application_footer.html.erb (0.2ms)
Completed 200 OK in 2273ms (Views: 2267.2ms | ActiveRecord: 0.0ms)


Started GET "/admin/gigs/new" for ::1 at 2019-04-17 13:30:45 -0400
Processing by Admin::GigsController#new as HTML
  Rendering admin/gigs/new.html.erb within layouts/application
  Rendered admin/gigs/new.html.erb within layouts/application (0.3ms)
  Rendered shared/_application_nav.html.erb (0.3ms)
  Rendered shared/_application_footer.html.erb (0.2ms)
Completed 200 OK in 49ms (Views: 46.9ms | ActiveRecord: 0.0ms)


Started GET "/admin/gigs/new" for ::1 at 2019-04-17 13:59:56 -0400
Processing by Admin::GigsController#new as HTML
  Rendering admin/gigs/new.html.erb within layouts/application
  Rendered admin/gigs/new.html.erb within layouts/application (6.9ms)
  Rendered shared/_application_nav.html.erb (0.3ms)
  Rendered shared/_application_footer.html.erb (0.3ms)
Completed 200 OK in 85ms (Views: 64.6ms | ActiveRecord: 8.1ms)


Started GET "/admin/gigs/new" for ::1 at 2019-04-17 14:03:57 -0400
Processing by Admin::GigsController#new as HTML
  Rendering admin/gigs/new.html.erb within layouts/application
  Rendered admin/gigs/new.html.erb within layouts/application (0.6ms)
Completed 500 Internal Server Error in 8ms (ActiveRecord: 0.0ms)


  
SyntaxError (/Users/coryhack/Desktop/gigsite/app/views/admin/gigs/new.html.erb:9: syntax error, unexpected '<', expecting keyword_end
<%= form_for @gig, url: '#' do...
^
/Users/coryhack/Desktop/gigsite/app/views/admin/gigs/new.html.erb:22: syntax error, unexpected keyword_ensure, expecting end-of-input
          ensure
          ^~~~~~):
  
app/views/admin/gigs/new.html.erb:9: syntax error, unexpected '<', expecting keyword_end
app/views/admin/gigs/new.html.erb:22: syntax error, unexpected keyword_ensure, expecting end-of-input
Started GET "/admin/gigs/new" for ::1 at 2019-04-17 14:05:19 -0400
Processing by Admin::GigsController#new as HTML
  Rendering admin/gigs/new.html.erb within layouts/application
  Rendered admin/gigs/new.html.erb within layouts/application (24.9ms)
  Rendered shared/_application_nav.html.erb (0.3ms)
  Rendered shared/_application_footer.html.erb (0.2ms)
Completed 200 OK in 74ms (Views: 72.0ms | ActiveRecord: 0.0ms)


Started GET "/admin/gigs/new" for ::1 at 2019-04-17 14:05:53 -0400
Processing by Admin::GigsController#new as HTML
  Rendering admin/gigs/new.html.erb within layouts/application
  Rendered admin/gigs/new.html.erb within layouts/application (1.7ms)
  Rendered shared/_application_nav.html.erb (0.3ms)
  Rendered shared/_application_footer.html.erb (0.2ms)
Completed 200 OK in 50ms (Views: 47.7ms | ActiveRecord: 0.0ms)


Started GET "/admin/gigs/new" for ::1 at 2019-04-17 14:12:39 -0400
  [1m[35m (0.7ms)[0m  [1m[34mSELECT "schema_migrations"."version" FROM "schema_migrations" ORDER BY "schema_migrations"."version" ASC[0m
  ↳ /Users/coryhack/.rvm/gems/ruby-2.5.1/gems/activerecord-5.2.3/lib/active_record/log_subscriber.rb:98
Processing by Admin::GigsController#new as HTML
  Rendering admin/gigs/new.html.erb within layouts/application
  Rendered admin/gigs/new.html.erb within layouts/application (10.2ms)
  Rendered shared/_application_nav.html.erb (0.4ms)
  Rendered shared/_application_footer.html.erb (0.2ms)
Completed 200 OK in 327ms (Views: 305.1ms | ActiveRecord: 6.1ms)


Started GET "/admin/gigs/new" for ::1 at 2019-04-17 14:13:02 -0400
Processing by Admin::GigsController#new as HTML
  Rendering admin/gigs/new.html.erb within layouts/application
  Rendered admin/gigs/new.html.erb within layouts/application (1.4ms)
  Rendered shared/_application_nav.html.erb (0.3ms)
  Rendered shared/_application_footer.html.erb (0.2ms)
Completed 200 OK in 47ms (Views: 44.5ms | ActiveRecord: 0.0ms)


Started POST "/admin/gigs" for ::1 at 2019-04-17 14:13:16 -0400
Processing by Admin::GigsController#create as HTML
  Parameters: {"utf8"=>"✓", "authenticity_token"=>"bv4+1yHnGIpK8FoE0DI8S9fWoXiKW5eFhxONp3nWXhx5Qk1KLP8FO3KKawHX32Thf2zOt2WBVD3FbzlXiYSa6g==", "gig"=>{"title"=>"New Gig", "description"=>"A gig to gig"}, "commit"=>"Post Comment"}
Completed 500 Internal Server Error in 12ms (ActiveRecord: 0.0ms)


  
NoMethodError (undefined method `gigs' for nil:NilClass):
  
app/controllers/admin/gigs_controller.rb:7:in `create'
Started GET "/admin/gigs/new" for ::1 at 2019-04-17 14:16:48 -0400
Processing by Admin::GigsController#new as HTML
  Rendering admin/gigs/new.html.erb within layouts/application
  Rendered admin/gigs/new.html.erb within layouts/application (1.5ms)
  Rendered shared/_application_nav.html.erb (0.3ms)
  Rendered shared/_application_footer.html.erb (0.2ms)
Completed 200 OK in 61ms (Views: 48.8ms | ActiveRecord: 4.9ms)


  [1m[36mGig Load (0.4ms)[0m  [1m[34mSELECT  "gigs".* FROM "gigs" LIMIT $1[0m  [["LIMIT", 11]]
Started POST "/admin/gigs" for ::1 at 2019-04-17 14:17:22 -0400
Processing by Admin::GigsController#create as HTML
  Parameters: {"utf8"=>"✓", "authenticity_token"=>"jIjadccLHlwV6tfFBJ784ynJEUZ68LAN7OxFclEj8dibNKnoyhMD7S2Q5sADc6RJgXN+iZUqc7WukPGCoXE1Lg==", "gig"=>{"title"=>"New Gig", "description"=>"New Gig to gig"}, "commit"=>"Create Gig"}
Completed 500 Internal Server Error in 2ms (ActiveRecord: 0.0ms)


  
NoMethodError (undefined method `gigs' for nil:NilClass):
  
app/controllers/admin/gigs_controller.rb:7:in `create'
Started GET "/admin/gigs/new" for ::1 at 2019-04-17 14:36:39 -0400
  [1m[35m (0.7ms)[0m  [1m[34mSELECT "schema_migrations"."version" FROM "schema_migrations" ORDER BY "schema_migrations"."version" ASC[0m
  ↳ /Users/coryhack/.rvm/gems/ruby-2.5.1/gems/activerecord-5.2.3/lib/active_record/log_subscriber.rb:98
Processing by Admin::GigsController#new as HTML
Completed 401 Unauthorized in 10ms (ActiveRecord: 0.0ms)


Started GET "/users/sign_in" for ::1 at 2019-04-17 14:36:39 -0400
Processing by Devise::SessionsController#new as HTML
  Rendering devise/sessions/new.html.erb within layouts/application
  Rendered devise/shared/_links.html.erb (1.2ms)
  Rendered devise/sessions/new.html.erb within layouts/application (16.0ms)
  Rendered shared/_application_nav.html.erb (0.3ms)
  Rendered shared/_application_footer.html.erb (0.3ms)
Completed 200 OK in 335ms (Views: 314.3ms | ActiveRecord: 6.1ms)


Started GET "/users/sign_up" for ::1 at 2019-04-17 14:36:45 -0400
Processing by Devise::RegistrationsController#new as HTML
  Rendering devise/registrations/new.html.erb within layouts/application
  Rendered devise/shared/_error_messages.html.erb (0.5ms)
  Rendered devise/shared/_links.html.erb (0.7ms)
  Rendered devise/registrations/new.html.erb within layouts/application (6.8ms)
  Rendered shared/_application_nav.html.erb (0.3ms)
  Rendered shared/_application_footer.html.erb (0.2ms)
Completed 200 OK in 64ms (Views: 63.2ms | ActiveRecord: 0.0ms)


Started POST "/users" for ::1 at 2019-04-17 14:37:11 -0400
Processing by Devise::RegistrationsController#create as HTML
  Parameters: {"utf8"=>"✓", "authenticity_token"=>"MVEDY4HCNs4htjoAUhTECPp+ywBXx0fBHS0NjNThUuHpLgA12DhUUPON8rRhaJzW+fngg/CeQ+4ospF34tfO9Q==", "user"=>{"email"=>"admin@email.com", "password"=>"[FILTERED]", "password_confirmation"=>"[FILTERED]"}, "commit"=>"Sign up"}
  [1m[35m (0.2ms)[0m  [1m[35mBEGIN[0m
  ↳ /Users/coryhack/.rvm/gems/ruby-2.5.1/gems/activerecord-5.2.3/lib/active_record/log_subscriber.rb:98
  [1m[36mUser Exists (3.5ms)[0m  [1m[34mSELECT  1 AS one FROM "users" WHERE "users"."email" = $1 LIMIT $2[0m  [["email", "admin@email.com"], ["LIMIT", 1]]
  ↳ /Users/coryhack/.rvm/gems/ruby-2.5.1/gems/activerecord-5.2.3/lib/active_record/log_subscriber.rb:98
  [1m[36mUser Create (2.5ms)[0m  [1m[32mINSERT INTO "users" ("email", "encrypted_password", "created_at", "updated_at") VALUES ($1, $2, $3, $4) RETURNING "id"[0m  [["email", "admin@email.com"], ["encrypted_password", "$2a$11$uKjalwxG3ELdQkrez5JxoOBBMYwmXIMNrsRSUFVES.9.QhyX5npWi"], ["created_at", "2019-04-17 18:37:11.899226"], ["updated_at", "2019-04-17 18:37:11.899226"]]
  ↳ /Users/coryhack/.rvm/gems/ruby-2.5.1/gems/activerecord-5.2.3/lib/active_record/log_subscriber.rb:98
  [1m[35m (0.8ms)[0m  [1m[35mCOMMIT[0m
  ↳ /Users/coryhack/.rvm/gems/ruby-2.5.1/gems/activerecord-5.2.3/lib/active_record/log_subscriber.rb:98
Redirected to http://localhost:3000/admin/gigs/new
Completed 302 Found in 150ms (ActiveRecord: 7.0ms)


Started GET "/admin/gigs/new" for ::1 at 2019-04-17 14:37:11 -0400
Processing by Admin::GigsController#new as HTML
  [1m[36mUser Load (0.3ms)[0m  [1m[34mSELECT  "users".* FROM "users" WHERE "users"."id" = $1 ORDER BY "users"."id" ASC LIMIT $2[0m  [["id", 1], ["LIMIT", 1]]
  ↳ /Users/coryhack/.rvm/gems/ruby-2.5.1/gems/activerecord-5.2.3/lib/active_record/log_subscriber.rb:98
  Rendering admin/gigs/new.html.erb within layouts/application
  Rendered admin/gigs/new.html.erb within layouts/application (2.2ms)
  Rendered shared/_application_nav.html.erb (0.3ms)
  Rendered shared/_application_footer.html.erb (0.4ms)
Completed 200 OK in 67ms (Views: 50.8ms | ActiveRecord: 4.4ms)


Started POST "/admin/gigs" for ::1 at 2019-04-17 14:37:24 -0400
Processing by Admin::GigsController#create as HTML
  Parameters: {"utf8"=>"✓", "authenticity_token"=>"pIlGB8r5yhyUY16CvS1x/b5aog5+6bxWIt0kpTiAMAqzNTWax+HXrawZb4e6wClXFuDNwZEzf+5goZBVyNL0/A==", "gig"=>{"title"=>"New Gig", "description"=>"test gig gig"}, "commit"=>"Create Gig"}
  [1m[36mUser Load (0.4ms)[0m  [1m[34mSELECT  "users".* FROM "users" WHERE "users"."id" = $1 ORDER BY "users"."id" ASC LIMIT $2[0m  [["id", 1], ["LIMIT", 1]]
  ↳ /Users/coryhack/.rvm/gems/ruby-2.5.1/gems/activerecord-5.2.3/lib/active_record/log_subscriber.rb:98
Completed 500 Internal Server Error in 176ms (ActiveRecord: 0.4ms)


  
NameError (undefined local variable or method `gig_parms' for #<Admin::GigsController:0x00007ffd2295dbd0>
Did you mean?  gig_params):
  
app/controllers/admin/gigs_controller.rb:8:in `create'
Started POST "/admin/gigs" for ::1 at 2019-04-17 14:37:43 -0400
Processing by Admin::GigsController#create as HTML
  Parameters: {"utf8"=>"✓", "authenticity_token"=>"pIlGB8r5yhyUY16CvS1x/b5aog5+6bxWIt0kpTiAMAqzNTWax+HXrawZb4e6wClXFuDNwZEzf+5goZBVyNL0/A==", "gig"=>{"title"=>"New Gig", "description"=>"test gig gig"}, "commit"=>"Create Gig"}
  [1m[36mUser Load (0.4ms)[0m  [1m[34mSELECT  "users".* FROM "users" WHERE "users"."id" = $1 ORDER BY "users"."id" ASC LIMIT $2[0m  [["id", 1], ["LIMIT", 1]]
  ↳ /Users/coryhack/.rvm/gems/ruby-2.5.1/gems/activerecord-5.2.3/lib/active_record/log_subscriber.rb:98
  [1m[35m (0.1ms)[0m  [1m[35mBEGIN[0m
  ↳ app/controllers/admin/gigs_controller.rb:8
  [1m[36mGig Create (12.2ms)[0m  [1m[32mINSERT INTO "gigs" ("title", "description", "user_id", "created_at", "updated_at") VALUES ($1, $2, $3, $4, $5) RETURNING "id"[0m  [["title", "New Gig"], ["description", "test gig gig"], ["user_id", 1], ["created_at", "2019-04-17 18:37:43.118067"], ["updated_at", "2019-04-17 18:37:43.118067"]]
  ↳ app/controllers/admin/gigs_controller.rb:8
  [1m[35m (5.8ms)[0m  [1m[35mCOMMIT[0m
  ↳ app/controllers/admin/gigs_controller.rb:8
No template found for Admin::GigsController#create, rendering head :no_content
Completed 204 No Content in 264ms (ActiveRecord: 29.5ms)


Started POST "/admin/gigs" for ::1 at 2019-04-17 14:38:04 -0400
  [1m[35m (0.8ms)[0m  [1m[34mSELECT "schema_migrations"."version" FROM "schema_migrations" ORDER BY "schema_migrations"."version" ASC[0m
  ↳ /Users/coryhack/.rvm/gems/ruby-2.5.1/gems/activerecord-5.2.3/lib/active_record/log_subscriber.rb:98
Processing by Admin::GigsController#create as HTML
  Parameters: {"utf8"=>"✓", "authenticity_token"=>"pIlGB8r5yhyUY16CvS1x/b5aog5+6bxWIt0kpTiAMAqzNTWax+HXrawZb4e6wClXFuDNwZEzf+5goZBVyNL0/A==", "gig"=>{"title"=>"New Gig", "description"=>"test gig gig"}, "commit"=>"Create Gig"}
  [1m[36mUser Load (0.5ms)[0m  [1m[34mSELECT  "users".* FROM "users" WHERE "users"."id" = $1 ORDER BY "users"."id" ASC LIMIT $2[0m  [["id", 1], ["LIMIT", 1]]
  ↳ /Users/coryhack/.rvm/gems/ruby-2.5.1/gems/activerecord-5.2.3/lib/active_record/log_subscriber.rb:98
  [1m[35m (0.1ms)[0m  [1m[35mBEGIN[0m
  ↳ app/controllers/admin/gigs_controller.rb:8
  [1m[36mGig Create (0.7ms)[0m  [1m[32mINSERT INTO "gigs" ("title", "description", "user_id", "created_at", "updated_at") VALUES ($1, $2, $3, $4, $5) RETURNING "id"[0m  [["title", "New Gig"], ["description", "test gig gig"], ["user_id", 1], ["created_at", "2019-04-17 18:38:04.842056"], ["updated_at", "2019-04-17 18:38:04.842056"]]
  ↳ app/controllers/admin/gigs_controller.rb:8
  [1m[35m (1.4ms)[0m  [1m[35mCOMMIT[0m
  ↳ app/controllers/admin/gigs_controller.rb:8
No template found for Admin::GigsController#create, rendering head :no_content
Completed 204 No Content in 250ms (ActiveRecord: 13.6ms)


  [1m[36mGig Load (0.8ms)[0m  [1m[34mSELECT  "gigs".* FROM "gigs" LIMIT $1[0m  [["LIMIT", 11]]
Started GET "/admin/gigs/new" for ::1 at 2019-04-17 14:47:32 -0400
Processing by Admin::GigsController#new as HTML
  [1m[36mUser Load (0.5ms)[0m  [1m[34mSELECT  "users".* FROM "users" WHERE "users"."id" = $1 ORDER BY "users"."id" ASC LIMIT $2[0m  [["id", 1], ["LIMIT", 1]]
  ↳ /Users/coryhack/.rvm/gems/ruby-2.5.1/gems/activerecord-5.2.3/lib/active_record/log_subscriber.rb:98
  Rendering admin/gigs/new.html.erb within layouts/application
  Rendered admin/gigs/new.html.erb within layouts/application (8.9ms)
  Rendered shared/_application_nav.html.erb (0.3ms)
  Rendered shared/_application_footer.html.erb (0.2ms)
Completed 200 OK in 305ms (Views: 270.3ms | ActiveRecord: 12.7ms)


Started GET "/admin/gigs/show" for ::1 at 2019-04-17 14:47:40 -0400
Processing by Admin::GigsController#show as HTML
  Parameters: {"id"=>"show"}
  [1m[36mUser Load (0.3ms)[0m  [1m[34mSELECT  "users".* FROM "users" WHERE "users"."id" = $1 ORDER BY "users"."id" ASC LIMIT $2[0m  [["id", 1], ["LIMIT", 1]]
  ↳ /Users/coryhack/.rvm/gems/ruby-2.5.1/gems/activerecord-5.2.3/lib/active_record/log_subscriber.rb:98
  [1m[36mGig Load (0.6ms)[0m  [1m[34mSELECT  "gigs".* FROM "gigs" WHERE "gigs"."id" = $1 LIMIT $2[0m  [["id", 0], ["LIMIT", 1]]
  ↳ app/controllers/admin/gigs_controller.rb:13
Completed 404 Not Found in 4ms (ActiveRecord: 0.9ms)


  
ActiveRecord::RecordNotFound (Couldn't find Gig with 'id'=show):
  
app/controllers/admin/gigs_controller.rb:13:in `show'
Started GET "/admin/gigs/shows" for ::1 at 2019-04-17 14:47:44 -0400
Processing by Admin::GigsController#show as HTML
  Parameters: {"id"=>"shows"}
  [1m[36mUser Load (0.3ms)[0m  [1m[34mSELECT  "users".* FROM "users" WHERE "users"."id" = $1 ORDER BY "users"."id" ASC LIMIT $2[0m  [["id", 1], ["LIMIT", 1]]
  ↳ /Users/coryhack/.rvm/gems/ruby-2.5.1/gems/activerecord-5.2.3/lib/active_record/log_subscriber.rb:98
  [1m[36mGig Load (0.2ms)[0m  [1m[34mSELECT  "gigs".* FROM "gigs" WHERE "gigs"."id" = $1 LIMIT $2[0m  [["id", 0], ["LIMIT", 1]]
  ↳ app/controllers/admin/gigs_controller.rb:13
Completed 404 Not Found in 3ms (ActiveRecord: 0.5ms)


  
ActiveRecord::RecordNotFound (Couldn't find Gig with 'id'=shows):
  
app/controllers/admin/gigs_controller.rb:13:in `show'
Started GET "/admin/gigs/1" for ::1 at 2019-04-17 14:48:15 -0400
Processing by Admin::GigsController#show as HTML
  Parameters: {"id"=>"1"}
  [1m[36mUser Load (0.4ms)[0m  [1m[34mSELECT  "users".* FROM "users" WHERE "users"."id" = $1 ORDER BY "users"."id" ASC LIMIT $2[0m  [["id", 1], ["LIMIT", 1]]
  ↳ /Users/coryhack/.rvm/gems/ruby-2.5.1/gems/activerecord-5.2.3/lib/active_record/log_subscriber.rb:98
  [1m[36mGig Load (0.3ms)[0m  [1m[34mSELECT  "gigs".* FROM "gigs" WHERE "gigs"."id" = $1 LIMIT $2[0m  [["id", 1], ["LIMIT", 1]]
  ↳ app/controllers/admin/gigs_controller.rb:13
  Rendering admin/gigs/show.html.erb within layouts/application
  Rendered admin/gigs/show.html.erb within layouts/application (0.3ms)
  Rendered shared/_application_nav.html.erb (0.3ms)
  Rendered shared/_application_footer.html.erb (0.2ms)
Completed 200 OK in 62ms (Views: 56.5ms | ActiveRecord: 0.7ms)


Started GET "/admin/gigs/1" for ::1 at 2019-04-17 14:48:40 -0400
Processing by Admin::GigsController#show as HTML
  Parameters: {"id"=>"1"}
  [1m[36mUser Load (0.3ms)[0m  [1m[34mSELECT  "users".* FROM "users" WHERE "users"."id" = $1 ORDER BY "users"."id" ASC LIMIT $2[0m  [["id", 1], ["LIMIT", 1]]
  ↳ /Users/coryhack/.rvm/gems/ruby-2.5.1/gems/activerecord-5.2.3/lib/active_record/log_subscriber.rb:98
  [1m[36mGig Load (0.2ms)[0m  [1m[34mSELECT  "gigs".* FROM "gigs" WHERE "gigs"."id" = $1 LIMIT $2[0m  [["id", 1], ["LIMIT", 1]]
  ↳ app/controllers/admin/gigs_controller.rb:13
  Rendering admin/gigs/show.html.erb within layouts/application
  Rendered admin/gigs/show.html.erb within layouts/application (0.3ms)
  Rendered shared/_application_nav.html.erb (0.3ms)
  Rendered shared/_application_footer.html.erb (0.2ms)
Completed 200 OK in 51ms (Views: 47.2ms | ActiveRecord: 0.5ms)


Started GET "/admin/gigs/new" for ::1 at 2019-04-17 14:48:56 -0400
Processing by Admin::GigsController#new as HTML
  [1m[36mUser Load (0.4ms)[0m  [1m[34mSELECT  "users".* FROM "users" WHERE "users"."id" = $1 ORDER BY "users"."id" ASC LIMIT $2[0m  [["id", 1], ["LIMIT", 1]]
  ↳ /Users/coryhack/.rvm/gems/ruby-2.5.1/gems/activerecord-5.2.3/lib/active_record/log_subscriber.rb:98
  Rendering admin/gigs/new.html.erb within layouts/application
  Rendered admin/gigs/new.html.erb within layouts/application (1.6ms)
  Rendered shared/_application_nav.html.erb (0.3ms)
  Rendered shared/_application_footer.html.erb (0.4ms)
Completed 200 OK in 59ms (Views: 55.3ms | ActiveRecord: 0.4ms)


Started POST "/admin/gigs" for ::1 at 2019-04-17 14:49:13 -0400
Processing by Admin::GigsController#create as HTML
  Parameters: {"utf8"=>"✓", "authenticity_token"=>"7nTBcaRl777bB0NHXe3KUENAdS5V+w5PlGGD5fNBOhT5yLLsqX3yD+N9ckJaAJL66/oa4bohzffWHTcVAxP+4g==", "gig"=>{"title"=>"Gig 2", "description"=>"Gigging for gig 2"}, "commit"=>"Create Gig"}
  [1m[36mUser Load (0.2ms)[0m  [1m[34mSELECT  "users".* FROM "users" WHERE "users"."id" = $1 ORDER BY "users"."id" ASC LIMIT $2[0m  [["id", 1], ["LIMIT", 1]]
  ↳ /Users/coryhack/.rvm/gems/ruby-2.5.1/gems/activerecord-5.2.3/lib/active_record/log_subscriber.rb:98
  [1m[35m (0.1ms)[0m  [1m[35mBEGIN[0m
  ↳ app/controllers/admin/gigs_controller.rb:8
  [1m[36mGig Create (0.6ms)[0m  [1m[32mINSERT INTO "gigs" ("title", "description", "user_id", "created_at", "updated_at") VALUES ($1, $2, $3, $4, $5) RETURNING "id"[0m  [["title", "Gig 2"], ["description", "Gigging for gig 2"], ["user_id", 1], ["created_at", "2019-04-17 18:49:13.404369"], ["updated_at", "2019-04-17 18:49:13.404369"]]
  ↳ app/controllers/admin/gigs_controller.rb:8
  [1m[35m (6.1ms)[0m  [1m[35mCOMMIT[0m
  ↳ app/controllers/admin/gigs_controller.rb:8
Redirected to http://localhost:3000/admin/gigs/3
Completed 302 Found in 13ms (ActiveRecord: 7.1ms)


Started GET "/admin/gigs/3" for ::1 at 2019-04-17 14:49:13 -0400
Processing by Admin::GigsController#show as HTML
  Parameters: {"id"=>"3"}
  [1m[36mUser Load (0.2ms)[0m  [1m[34mSELECT  "users".* FROM "users" WHERE "users"."id" = $1 ORDER BY "users"."id" ASC LIMIT $2[0m  [["id", 1], ["LIMIT", 1]]
  ↳ /Users/coryhack/.rvm/gems/ruby-2.5.1/gems/activerecord-5.2.3/lib/active_record/log_subscriber.rb:98
  [1m[36mGig Load (0.2ms)[0m  [1m[34mSELECT  "gigs".* FROM "gigs" WHERE "gigs"."id" = $1 LIMIT $2[0m  [["id", 3], ["LIMIT", 1]]
  ↳ app/controllers/admin/gigs_controller.rb:13
  Rendering admin/gigs/show.html.erb within layouts/application
  Rendered admin/gigs/show.html.erb within layouts/application (0.3ms)
  Rendered shared/_application_nav.html.erb (0.3ms)
  Rendered shared/_application_footer.html.erb (0.2ms)
Completed 200 OK in 51ms (Views: 47.9ms | ActiveRecord: 0.4ms)


